<?xml version="1.0" encoding="UTF-8"?>
<!-- Generated by org.testng.reporters.JUnitReportReporter -->
<testsuite hostname="DESKTOP-DFEV0VQ" failures="0" tests="5" name="SquareTest" time="0.001" errors="0" timestamp="10 Jan 2021 06:37:13 GMT">
  <testcase classname="SquareTest" name="testCase" time="0.000"/>
  <testcase classname="SquareTest" name="testCase" time="0.000"/>
  <testcase classname="SquareTest" name="testCase" time="0.000"/>
  <testcase classname="SquareTest" name="testCase" time="0.001"/>
  <testcase classname="SquareTest" name="testCase" time="0.000"/>
</testsuite>
